Compiled jquery.js  (9ms)  (pid 3105)
Compiled jquery_ujs.js  (1ms)  (pid 3105)
Compiled carts.js  (391ms)  (pid 3105)
Compiled line_items.js  (116ms)  (pid 3105)
Compiled products.js  (116ms)  (pid 3105)
Compiled store.js  (120ms)  (pid 3105)
Compiled application.js  (898ms)  (pid 3105)
Compiled carts.css  (12ms)  (pid 3105)
Compiled depot.css  (0ms)  (pid 3105)
Compiled line_items.css  (2ms)  (pid 3105)
Compiled products.css  (2ms)  (pid 3105)
Compiled scaffolds.css  (13ms)  (pid 3105)
Compiled store.css  (2ms)  (pid 3105)
Compiled application.css  (106ms)  (pid 3105)
Compiled jquery.js  (4ms)  (pid 3105)
Compiled jquery_ujs.js  (0ms)  (pid 3105)
Compiled carts.js  (114ms)  (pid 3105)
Compiled line_items.js  (122ms)  (pid 3105)
Compiled products.js  (121ms)  (pid 3105)
Compiled store.js  (114ms)  (pid 3105)
Compiled application.js  (635ms)  (pid 3105)
Compiled carts.css  (2ms)  (pid 3105)
Compiled depot.css  (0ms)  (pid 3105)
Compiled line_items.css  (1ms)  (pid 3105)
Compiled products.css  (0ms)  (pid 3105)
Compiled scaffolds.css  (13ms)  (pid 3105)
Compiled store.css  (0ms)  (pid 3105)
Compiled application.css  (94ms)  (pid 3105)
Compiled jquery.js  (33ms)  (pid 16968)
Compiled jquery_ujs.js  (0ms)  (pid 16968)
Compiled carts.js  (113ms)  (pid 16968)
Compiled line_items.js  (114ms)  (pid 16968)
Compiled orders.js  (119ms)  (pid 16968)
Compiled products.js  (120ms)  (pid 16968)
Compiled store.js  (116ms)  (pid 16968)
Compiled jquery-ui.js  (38ms)  (pid 16968)
Compiled application.js  (732ms)  (pid 16968)
Compiled carts.css  (2ms)  (pid 16968)
Compiled depot.css  (0ms)  (pid 16968)
Compiled line_items.css  (0ms)  (pid 16968)
Compiled orders.css  (0ms)  (pid 16968)
Compiled products.css  (0ms)  (pid 16968)
Compiled scaffolds.css  (13ms)  (pid 16968)
Compiled store.css  (0ms)  (pid 16968)
Compiled application.css  (46ms)  (pid 16968)
